Copyright 1986-2022 Xilinx, Inc. All Rights Reserved. Copyright 2022-2024 Advanced Micro Devices, Inc. All Rights Reserved.
---------------------------------------------------------------------------------------------------------------------------------------------
| Tool Version : Vivado v.2024.2.1 (win64) Build 5266912 Sun Dec 15 09:03:24 MST 2024
| Date         : Fri Mar  7 14:17:20 2025
| Host         : TONYD322 running 64-bit major release  (build 9200)
| Command      : upgrade_ip
| Device       : xc7a200tsbg484-1
---------------------------------------------------------------------------------------------------------------------------------------------

Upgrade Log for IP 'mb_system_microblaze_0_axi_periph_0'

1. Summary
----------

SUCCESS in the upgrade of mb_system_microblaze_0_axi_periph_0 (xilinx.com:ip:axi_interconnect:2.1) from (Rev. 34) to (Rev. 35)






Copyright 1986-2022 Xilinx, Inc. All Rights Reserved. Copyright 2022-2024 Advanced Micro Devices, Inc. All Rights Reserved.
---------------------------------------------------------------------------------------------------------------------------------------------
| Tool Version : Vivado v.2024.2.1 (win64) Build 5266912 Sun Dec 15 09:03:24 MST 2024
| Date         : Fri Mar  7 14:17:20 2025
| Host         : TONYD322 running 64-bit major release  (build 9200)
| Command      : upgrade_ip
| Device       : xc7a200tsbg484-1
---------------------------------------------------------------------------------------------------------------------------------------------

Upgrade Log for IP 'mb_system_lmb_bram_0'

1. Summary
----------

SUCCESS in the upgrade of mb_system_lmb_bram_0 (xilinx.com:ip:blk_mem_gen:8.4) from (Rev. 9) to (Rev. 10)






Copyright 1986-2022 Xilinx, Inc. All Rights Reserved. Copyright 2022-2024 Advanced Micro Devices, Inc. All Rights Reserved.
---------------------------------------------------------------------------------------------------------------------------------------------
| Tool Version : Vivado v.2024.2.1 (win64) Build 5266912 Sun Dec 15 09:03:24 MST 2024
| Date         : Fri Mar  7 14:17:20 2025
| Host         : TONYD322 running 64-bit major release  (build 9200)
| Command      : upgrade_ip
| Device       : xc7a200tsbg484-1
---------------------------------------------------------------------------------------------------------------------------------------------

Upgrade Log for IP 'mb_system_axi_uartlite_0_0'

1. Summary
----------

SUCCESS in the upgrade of mb_system_axi_uartlite_0_0 (xilinx.com:ip:axi_uartlite:2.0) from (Rev. 37) to (Rev. 38)






Copyright 1986-2022 Xilinx, Inc. All Rights Reserved. Copyright 2022-2024 Advanced Micro Devices, Inc. All Rights Reserved.
---------------------------------------------------------------------------------------------------------------------------------------------
| Tool Version : Vivado v.2024.2.1 (win64) Build 5266912 Sun Dec 15 09:03:24 MST 2024
| Date         : Fri Mar  7 14:17:20 2025
| Host         : TONYD322 running 64-bit major release  (build 9200)
| Command      : upgrade_ip
| Device       : xc7a200tsbg484-1
---------------------------------------------------------------------------------------------------------------------------------------------

Upgrade Log for IP 'mb_system_axi_timer_0_0'

1. Summary
----------

SUCCESS in the upgrade of mb_system_axi_timer_0_0 (xilinx.com:ip:axi_timer:2.0) from (Rev. 35) to (Rev. 36)






Copyright 1986-2022 Xilinx, Inc. All Rights Reserved. Copyright 2022-2024 Advanced Micro Devices, Inc. All Rights Reserved.
---------------------------------------------------------------------------------------------------------------------------------------------
| Tool Version : Vivado v.2024.2.1 (win64) Build 5266912 Sun Dec 15 09:03:24 MST 2024
| Date         : Fri Mar  7 14:17:20 2025
| Host         : TONYD322 running 64-bit major release  (build 9200)
| Command      : upgrade_ip
| Device       : xc7a200tsbg484-1
---------------------------------------------------------------------------------------------------------------------------------------------

Upgrade Log for IP 'mb_system_axi_quad_spi_0_0'

1. Summary
----------

SUCCESS in the upgrade of mb_system_axi_quad_spi_0_0 (xilinx.com:ip:axi_quad_spi:3.2) from (Rev. 32) to (Rev. 33)






Copyright 1986-2022 Xilinx, Inc. All Rights Reserved. Copyright 2022-2024 Advanced Micro Devices, Inc. All Rights Reserved.
---------------------------------------------------------------------------------------------------------------------------------------------
| Tool Version : Vivado v.2024.2.1 (win64) Build 5266912 Sun Dec 15 09:03:24 MST 2024
| Date         : Fri Mar  7 14:17:20 2025
| Host         : TONYD322 running 64-bit major release  (build 9200)
| Command      : upgrade_ip
| Device       : xc7a200tsbg484-1
---------------------------------------------------------------------------------------------------------------------------------------------

Upgrade Log for IP 'mb_system_axi_iic_0_0'

1. Summary
----------

SUCCESS in the upgrade of mb_system_axi_iic_0_0 (xilinx.com:ip:axi_iic:2.1) from (Rev. 9) to (Rev. 10)






Copyright 1986-2022 Xilinx, Inc. All Rights Reserved. Copyright 2022-2024 Advanced Micro Devices, Inc. All Rights Reserved.
---------------------------------------------------------------------------------------------------------------------------------------------
| Tool Version : Vivado v.2024.2.1 (win64) Build 5266912 Sun Dec 15 09:03:24 MST 2024
| Date         : Fri Mar  7 14:17:20 2025
| Host         : TONYD322 running 64-bit major release  (build 9200)
| Command      : upgrade_ip
| Device       : xc7a200tsbg484-1
---------------------------------------------------------------------------------------------------------------------------------------------

Upgrade Log for IP 'mb_system_axi_gpio_1_0'

1. Summary
----------

SUCCESS in the upgrade of mb_system_axi_gpio_1_0 (xilinx.com:ip:axi_gpio:2.0) from (Rev. 35) to (Rev. 36)

